2022-02-16T14:34:36.662599Z 0 [Warning] [MY-010915] [Server] 'NO_ZERO_DATE', 'NO_ZERO_IN_DATE' and 'ERROR_FOR_DIVISION_BY_ZERO' sql modes should be used with strict mode. They will be merged with strict mode in a future release.
2022-02-16T14:34:36.664551Z 0 [System] [MY-010116] [Server] C:\Program Files\MySQL\MySQL Server 8.0\bin\mysqld.exe (mysqld 8.0.28) starting as process 17700
2022-02-16T14:34:36.697266Z 1 [System] [MY-013576] [InnoDB] InnoDB initialization has started.
2022-02-16T14:34:37.229868Z 1 [System] [MY-013577] [InnoDB] InnoDB initialization has ended.
2022-02-16T14:34:37.676502Z 0 [Warning] [MY-010068] [Server] CA certificate ca.pem is self signed.
2022-02-16T14:34:37.677653Z 0 [System] [MY-013602] [Server] Channel mysql_main configured to support TLS. Encrypted connections are now supported for this channel.
2022-02-16T14:34:37.737429Z 0 [System] [MY-011323] [Server] X Plugin ready for connections. Bind-address: '::' port: 33060
2022-02-16T14:34:37.737707Z 0 [System] [MY-010931] [Server] C:\Program Files\MySQL\MySQL Server 8.0\bin\mysqld.exe: ready for connections. Version: '8.0.28'  socket: ''  port: 3306  MySQL Community Server - GPL.
2022-02-17T12:18:03.804836Z 0 [System] [MY-013105] [Server] C:\Program Files\MySQL\MySQL Server 8.0\bin\mysqld.exe: Normal shutdown.
2022-02-17T12:18:05.097487Z 0 [System] [MY-010910] [Server] C:\Program Files\MySQL\MySQL Server 8.0\bin\mysqld.exe: Shutdown complete (mysqld 8.0.28)  MySQL Community Server - GPL.
2022-02-17T12:18:37.109834Z 0 [Warning] [MY-010915] [Server] 'NO_ZERO_DATE', 'NO_ZERO_IN_DATE' and 'ERROR_FOR_DIVISION_BY_ZERO' sql modes should be used with strict mode. They will be merged with strict mode in a future release.
2022-02-17T12:18:37.116188Z 0 [System] [MY-010116] [Server] C:\Program Files\MySQL\MySQL Server 8.0\bin\mysqld.exe (mysqld 8.0.28) starting as process 6008
2022-02-17T12:18:37.308876Z 1 [System] [MY-013576] [InnoDB] InnoDB initialization has started.
2022-02-17T12:18:38.584661Z 1 [System] [MY-013577] [InnoDB] InnoDB initialization has ended.
2022-02-17T12:18:39.653701Z 0 [Warning] [MY-010068] [Server] CA certificate ca.pem is self signed.
2022-02-17T12:18:39.654829Z 0 [System] [MY-013602] [Server] Channel mysql_main configured to support TLS. Encrypted connections are now supported for this channel.
2022-02-17T12:18:39.724718Z 0 [System] [MY-011323] [Server] X Plugin ready for connections. Bind-address: '::' port: 33060
2022-02-17T12:18:39.725080Z 0 [System] [MY-010931] [Server] C:\Program Files\MySQL\MySQL Server 8.0\bin\mysqld.exe: ready for connections. Version: '8.0.28'  socket: ''  port: 3306  MySQL Community Server - GPL.
2022-02-18T10:30:31.169758Z 0 [System] [MY-013105] [Server] C:\Program Files\MySQL\MySQL Server 8.0\bin\mysqld.exe: Normal shutdown.
2022-02-18T10:30:32.856503Z 0 [System] [MY-010910] [Server] C:\Program Files\MySQL\MySQL Server 8.0\bin\mysqld.exe: Shutdown complete (mysqld 8.0.28)  MySQL Community Server - GPL.
2022-02-18T10:50:34.450881Z 0 [Warning] [MY-010915] [Server] 'NO_ZERO_DATE', 'NO_ZERO_IN_DATE' and 'ERROR_FOR_DIVISION_BY_ZERO' sql modes should be used with strict mode. They will be merged with strict mode in a future release.
2022-02-18T10:50:34.456234Z 0 [System] [MY-010116] [Server] C:\Program Files\MySQL\MySQL Server 8.0\bin\mysqld.exe (mysqld 8.0.28) starting as process 2940
2022-02-18T10:50:34.487937Z 1 [System] [MY-013576] [InnoDB] InnoDB initialization has started.
2022-02-18T10:50:35.331768Z 1 [System] [MY-013577] [InnoDB] InnoDB initialization has ended.
2022-02-18T10:50:36.040472Z 0 [Warning] [MY-010068] [Server] CA certificate ca.pem is self signed.
2022-02-18T10:50:36.041324Z 0 [System] [MY-013602] [Server] Channel mysql_main configured to support TLS. Encrypted connections are now supported for this channel.
2022-02-18T10:50:36.128016Z 0 [System] [MY-011323] [Server] X Plugin ready for connections. Bind-address: '::' port: 33060
2022-02-18T10:50:36.128258Z 0 [System] [MY-010931] [Server] C:\Program Files\MySQL\MySQL Server 8.0\bin\mysqld.exe: ready for connections. Version: '8.0.28'  socket: ''  port: 3306  MySQL Community Server - GPL.
2022-02-18T10:50:55.435525Z 0 [System] [MY-013105] [Server] C:\Program Files\MySQL\MySQL Server 8.0\bin\mysqld.exe: Normal shutdown.
2022-02-18T10:50:56.130460Z 0 [System] [MY-010910] [Server] C:\Program Files\MySQL\MySQL Server 8.0\bin\mysqld.exe: Shutdown complete (mysqld 8.0.28)  MySQL Community Server - GPL.
2022-02-18T10:51:44.686363Z 0 [Warning] [MY-010915] [Server] 'NO_ZERO_DATE', 'NO_ZERO_IN_DATE' and 'ERROR_FOR_DIVISION_BY_ZERO' sql modes should be used with strict mode. They will be merged with strict mode in a future release.
2022-02-18T10:51:44.688804Z 0 [System] [MY-010116] [Server] C:\Program Files\MySQL\MySQL Server 8.0\bin\mysqld.exe (mysqld 8.0.28) starting as process 10032
2022-02-18T10:51:44.714406Z 1 [System] [MY-013576] [InnoDB] InnoDB initialization has started.
2022-02-18T10:51:45.194011Z 1 [System] [MY-013577] [InnoDB] InnoDB initialization has ended.
2022-02-18T10:51:45.589965Z 0 [Warning] [MY-010068] [Server] CA certificate ca.pem is self signed.
2022-02-18T10:51:45.590737Z 0 [System] [MY-013602] [Server] Channel mysql_main configured to support TLS. Encrypted connections are now supported for this channel.
2022-02-18T10:51:45.650530Z 0 [System] [MY-011323] [Server] X Plugin ready for connections. Bind-address: '::' port: 33060
2022-02-18T10:51:45.650754Z 0 [System] [MY-010931] [Server] C:\Program Files\MySQL\MySQL Server 8.0\bin\mysqld.exe: ready for connections. Version: '8.0.28'  socket: ''  port: 3306  MySQL Community Server - GPL.
2022-02-18T12:30:25.171450Z 0 [System] [MY-013105] [Server] C:\Program Files\MySQL\MySQL Server 8.0\bin\mysqld.exe: Normal shutdown.
2022-02-18T12:30:26.350662Z 0 [System] [MY-010910] [Server] C:\Program Files\MySQL\MySQL Server 8.0\bin\mysqld.exe: Shutdown complete (mysqld 8.0.28)  MySQL Community Server - GPL.
2022-02-18T12:38:11.079221Z 0 [Warning] [MY-010915] [Server] 'NO_ZERO_DATE', 'NO_ZERO_IN_DATE' and 'ERROR_FOR_DIVISION_BY_ZERO' sql modes should be used with strict mode. They will be merged with strict mode in a future release.
2022-02-18T12:38:11.081787Z 0 [System] [MY-010116] [Server] C:\Program Files\MySQL\MySQL Server 8.0\bin\mysqld.exe (mysqld 8.0.28) starting as process 12476
2022-02-18T12:38:11.168375Z 1 [System] [MY-013576] [InnoDB] InnoDB initialization has started.
2022-02-18T12:38:13.645763Z 1 [System] [MY-013577] [InnoDB] InnoDB initialization has ended.
2022-02-18T12:38:15.168778Z 0 [Warning] [MY-010068] [Server] CA certificate ca.pem is self signed.
2022-02-18T12:38:15.169561Z 0 [System] [MY-013602] [Server] Channel mysql_main configured to support TLS. Encrypted connections are now supported for this channel.
2022-02-18T12:38:15.970632Z 0 [System] [MY-011323] [Server] X Plugin ready for connections. Bind-address: '::' port: 33060
2022-02-18T12:38:15.970877Z 0 [System] [MY-010931] [Server] C:\Program Files\MySQL\MySQL Server 8.0\bin\mysqld.exe: ready for connections. Version: '8.0.28'  socket: ''  port: 3306  MySQL Community Server - GPL.
2022-02-25T21:12:15.908493Z 0 [Warning] [MY-010915] [Server] 'NO_ZERO_DATE', 'NO_ZERO_IN_DATE' and 'ERROR_FOR_DIVISION_BY_ZERO' sql modes should be used with strict mode. They will be merged with strict mode in a future release.
2022-02-25T21:12:15.977771Z 0 [System] [MY-010116] [Server] C:\Program Files\MySQL\MySQL Server 8.0\bin\mysqld.exe (mysqld 8.0.28) starting as process 5660
2022-02-25T21:12:16.146308Z 1 [System] [MY-013576] [InnoDB] InnoDB initialization has started.
2022-02-25T21:12:18.553672Z 1 [System] [MY-013577] [InnoDB] InnoDB initialization has ended.
2022-02-25T21:12:20.087115Z 0 [System] [MY-010229] [Server] Starting XA crash recovery...
2022-02-25T21:12:20.092696Z 0 [System] [MY-010232] [Server] XA crash recovery finished.
2022-02-25T21:12:20.491543Z 0 [Warning] [MY-010068] [Server] CA certificate ca.pem is self signed.
2022-02-25T21:12:20.492414Z 0 [System] [MY-013602] [Server] Channel mysql_main configured to support TLS. Encrypted connections are now supported for this channel.
2022-02-25T21:12:20.985879Z 0 [System] [MY-011323] [Server] X Plugin ready for connections. Bind-address: '::' port: 33060
2022-02-25T21:12:20.986248Z 0 [System] [MY-010931] [Server] C:\Program Files\MySQL\MySQL Server 8.0\bin\mysqld.exe: ready for connections. Version: '8.0.28'  socket: ''  port: 3306  MySQL Community Server - GPL.
2022-02-28T08:18:27.821935Z 0 [Warning] [MY-010915] [Server] 'NO_ZERO_DATE', 'NO_ZERO_IN_DATE' and 'ERROR_FOR_DIVISION_BY_ZERO' sql modes should be used with strict mode. They will be merged with strict mode in a future release.
2022-02-28T08:18:27.927907Z 0 [System] [MY-010116] [Server] C:\Program Files\MySQL\MySQL Server 8.0\bin\mysqld.exe (mysqld 8.0.28) starting as process 5824
2022-02-28T08:18:28.152081Z 1 [System] [MY-013576] [InnoDB] InnoDB initialization has started.
2022-02-28T08:18:30.965347Z 1 [System] [MY-013577] [InnoDB] InnoDB initialization has ended.
2022-02-28T08:18:32.325501Z 0 [System] [MY-010229] [Server] Starting XA crash recovery...
2022-02-28T08:18:32.335600Z 0 [System] [MY-010232] [Server] XA crash recovery finished.
2022-02-28T08:18:32.758379Z 0 [Warning] [MY-010068] [Server] CA certificate ca.pem is self signed.
2022-02-28T08:18:32.759574Z 0 [System] [MY-013602] [Server] Channel mysql_main configured to support TLS. Encrypted connections are now supported for this channel.
2022-02-28T08:18:32.972748Z 0 [System] [MY-011323] [Server] X Plugin ready for connections. Bind-address: '::' port: 33060
2022-02-28T08:18:32.973102Z 0 [System] [MY-010931] [Server] C:\Program Files\MySQL\MySQL Server 8.0\bin\mysqld.exe: ready for connections. Version: '8.0.28'  socket: ''  port: 3306  MySQL Community Server - GPL.
2022-03-01T13:44:06.477251Z 0 [Warning] [MY-010915] [Server] 'NO_ZERO_DATE', 'NO_ZERO_IN_DATE' and 'ERROR_FOR_DIVISION_BY_ZERO' sql modes should be used with strict mode. They will be merged with strict mode in a future release.
2022-03-01T13:44:06.515525Z 0 [System] [MY-010116] [Server] C:\Program Files\MySQL\MySQL Server 8.0\bin\mysqld.exe (mysqld 8.0.28) starting as process 4972
2022-03-01T13:44:06.796819Z 1 [System] [MY-013576] [InnoDB] InnoDB initialization has started.
2022-03-01T13:44:10.086524Z 1 [System] [MY-013577] [InnoDB] InnoDB initialization has ended.
2022-03-01T13:44:10.917012Z 0 [System] [MY-010229] [Server] Starting XA crash recovery...
2022-03-01T13:44:10.924226Z 0 [System] [MY-010232] [Server] XA crash recovery finished.
2022-03-01T13:44:11.668896Z 0 [Warning] [MY-010068] [Server] CA certificate ca.pem is self signed.
2022-03-01T13:44:11.670019Z 0 [System] [MY-013602] [Server] Channel mysql_main configured to support TLS. Encrypted connections are now supported for this channel.
2022-03-01T13:44:12.499903Z 0 [System] [MY-011323] [Server] X Plugin ready for connections. Bind-address: '::' port: 33060
2022-03-01T13:44:12.500232Z 0 [System] [MY-010931] [Server] C:\Program Files\MySQL\MySQL Server 8.0\bin\mysqld.exe: ready for connections. Version: '8.0.28'  socket: ''  port: 3306  MySQL Community Server - GPL.
